{"X:\\Projects\\Aether\\packages\\sdk\\src\\client.ts": {"path":"X:\\Projects\\Aether\\packages\\sdk\\src\\client.ts","statementMap":{"0":{"start":{"line":1,"column":0},"end":{"line":1,"column":45}},"1":{"start":{"line":2,"column":0},"end":{"line":2,"column":37}},"2":{"start":{"line":17,"column":4},"end":{"line":20,"column":7}},"3":{"start":{"line":23,"column":4},"end":{"line":35,"column":7}},"4":{"start":{"line":28,"column":8},"end":{"line":30,"column":9}},"5":{"start":{"line":29,"column":10},"end":{"line":29,"column":23}},"6":{"start":{"line":32,"column":8},"end":{"line":33,"column":65}},"7":{"start":{"line":39,"column":4},"end":{"line":47,"column":5}},"8":{"start":{"line":40,"column":6},"end":{"line":40,"column":51}},"9":{"start":{"line":41,"column":6},"end":{"line":41,"column":18}},"10":{"start":{"line":43,"column":6},"end":{"line":45,"column":7}},"11":{"start":{"line":44,"column":8},"end":{"line":44,"column":20}},"12":{"start":{"line":46,"column":6},"end":{"line":46,"column":19}},"13":{"start":{"line":51,"column":4},"end":{"line":51,"column":86}},"14":{"start":{"line":51,"column":32},"end":{"line":51,"column":86}},"15":{"start":{"line":52,"column":4},"end":{"line":65,"column":5}},"16":{"start":{"line":53,"column":18},"end":{"line":58,"column":8}},"17":{"start":{"line":59,"column":6},"end":{"line":59,"column":22}},"18":{"start":{"line":61,"column":6},"end":{"line":63,"column":7}},"19":{"start":{"line":62,"column":8},"end":{"line":62,"column":51}},"20":{"start":{"line":64,"column":6},"end":{"line":64,"column":18}},"21":{"start":{"line":69,"column":4},"end":{"line":69,"column":66}},"22":{"start":{"line":69,"column":22},"end":{"line":69,"column":66}},"23":{"start":{"line":70,"column":4},"end":{"line":78,"column":5}},"24":{"start":{"line":71,"column":18},"end":{"line":71,"column":104}},"25":{"start":{"line":72,"column":6},"end":{"line":72,"column":22}},"26":{"start":{"line":74,"column":6},"end":{"line":76,"column":7}},"27":{"start":{"line":75,"column":8},"end":{"line":75,"column":94}},"28":{"start":{"line":77,"column":6},"end":{"line":77,"column":68}},"29":{"start":{"line":82,"column":4},"end":{"line":82,"column":62}},"30":{"start":{"line":82,"column":20},"end":{"line":82,"column":62}},"31":{"start":{"line":83,"column":4},"end":{"line":91,"column":5}},"32":{"start":{"line":84,"column":18},"end":{"line":84,"column":98}},"33":{"start":{"line":85,"column":6},"end":{"line":85,"column":22}},"34":{"start":{"line":87,"column":6},"end":{"line":89,"column":7}},"35":{"start":{"line":88,"column":8},"end":{"line":88,"column":82}},"36":{"start":{"line":90,"column":6},"end":{"line":90,"column":67}},"37":{"start":{"line":95,"column":4},"end":{"line":95,"column":49}},"38":{"start":{"line":95,"column":14},"end":{"line":95,"column":49}},"39":{"start":{"line":96,"column":20},"end":{"line":96,"column":23}},"40":{"start":{"line":97,"column":4},"end":{"line":101,"column":5}},"41":{"start":{"line":98,"column":6},"end":{"line":98,"column":54}},"42":{"start":{"line":99,"column":11},"end":{"line":101,"column":5}},"43":{"start":{"line":100,"column":6},"end":{"line":100,"column":52}},"44":{"start":{"line":102,"column":4},"end":{"line":102,"column":33}},"45":{"start":{"line":106,"column":4},"end":{"line":106,"column":62}},"46":{"start":{"line":106,"column":20},"end":{"line":106,"column":62}},"47":{"start":{"line":107,"column":4},"end":{"line":112,"column":5}},"48":{"start":{"line":108,"column":18},"end":{"line":108,"column":112}},"49":{"start":{"line":109,"column":6},"end":{"line":109,"column":22}},"50":{"start":{"line":111,"column":6},"end":{"line":111,"column":72}},"51":{"start":{"line":116,"column":4},"end":{"line":116,"column":62}},"52":{"start":{"line":116,"column":20},"end":{"line":116,"column":62}},"53":{"start":{"line":117,"column":4},"end":{"line":125,"column":5}},"54":{"start":{"line":118,"column":18},"end":{"line":118,"column":85}},"55":{"start":{"line":119,"column":6},"end":{"line":119,"column":22}},"56":{"start":{"line":121,"column":6},"end":{"line":123,"column":7}},"57":{"start":{"line":122,"column":8},"end":{"line":122,"column":57}},"58":{"start":{"line":124,"column":6},"end":{"line":124,"column":74}},"59":{"start":{"line":129,"column":4},"end":{"line":129,"column":62}},"60":{"start":{"line":129,"column":20},"end":{"line":129,"column":62}},"61":{"start":{"line":130,"column":4},"end":{"line":135,"column":5}},"62":{"start":{"line":131,"column":18},"end":{"line":131,"column":85}},"63":{"start":{"line":132,"column":6},"end":{"line":132,"column":22}},"64":{"start":{"line":134,"column":6},"end":{"line":134,"column":74}},"65":{"start":{"line":139,"column":4},"end":{"line":139,"column":81}},"66":{"start":{"line":139,"column":29},"end":{"line":139,"column":81}},"67":{"start":{"line":140,"column":4},"end":{"line":145,"column":5}},"68":{"start":{"line":141,"column":18},"end":{"line":141,"column":89}},"69":{"start":{"line":142,"column":6},"end":{"line":142,"column":22}},"70":{"start":{"line":144,"column":6},"end":{"line":144,"column":68}},"71":{"start":{"line":149,"column":4},"end":{"line":149,"column":81}},"72":{"start":{"line":149,"column":29},"end":{"line":149,"column":81}},"73":{"start":{"line":150,"column":4},"end":{"line":155,"column":5}},"74":{"start":{"line":151,"column":18},"end":{"line":151,"column":91}},"75":{"start":{"line":152,"column":6},"end":{"line":152,"column":22}},"76":{"start":{"line":154,"column":6},"end":{"line":154,"column":70}},"77":{"start":{"line":159,"column":4},"end":{"line":164,"column":5}},"78":{"start":{"line":160,"column":18},"end":{"line":160,"column":67}},"79":{"start":{"line":161,"column":6},"end":{"line":161,"column":22}},"80":{"start":{"line":163,"column":6},"end":{"line":163,"column":64}},"81":{"start":{"line":168,"column":4},"end":{"line":173,"column":5}},"82":{"start":{"line":169,"column":18},"end":{"line":169,"column":75}},"83":{"start":{"line":170,"column":6},"end":{"line":170,"column":22}},"84":{"start":{"line":172,"column":6},"end":{"line":172,"column":68}},"85":{"start":{"line":13,"column":0},"end":{"line":13,"column":13}}},"fnMap":{"0":{"name":"(anonymous_1)","decl":{"start":{"line":16,"column":2},"end":{"line":16,"column":14}},"loc":{"start":{"line":16,"column":84},"end":{"line":36,"column":3}}},"1":{"name":"(anonymous_2)","decl":{"start":{"line":26,"column":22},"end":{"line":26,"column":23}},"loc":{"start":{"line":26,"column":32},"end":{"line":34,"column":7}}},"2":{"name":"(anonymous_3)","decl":{"start":{"line":38,"column":2},"end":{"line":38,"column":7}},"loc":{"start":{"line":38,"column":12},"end":{"line":48,"column":3}}},"3":{"name":"(anonymous_4)","decl":{"start":{"line":50,"column":2},"end":{"line":50,"column":7}},"loc":{"start":{"line":50,"column":80},"end":{"line":66,"column":3}}},"4":{"name":"(anonymous_5)","decl":{"start":{"line":68,"column":2},"end":{"line":68,"column":7}},"loc":{"start":{"line":68,"column":35},"end":{"line":79,"column":3}}},"5":{"name":"(anonymous_6)","decl":{"start":{"line":81,"column":2},"end":{"line":81,"column":7}},"loc":{"start":{"line":81,"column":31},"end":{"line":92,"column":3}}},"6":{"name":"(anonymous_7)","decl":{"start":{"line":94,"column":2},"end":{"line":94,"column":7}},"loc":{"start":{"line":94,"column":30},"end":{"line":103,"column":3}}},"7":{"name":"(anonymous_8)","decl":{"start":{"line":105,"column":2},"end":{"line":105,"column":7}},"loc":{"start":{"line":105,"column":43},"end":{"line":113,"column":3}}},"8":{"name":"(anonymous_9)","decl":{"start":{"line":115,"column":2},"end":{"line":115,"column":7}},"loc":{"start":{"line":115,"column":37},"end":{"line":126,"column":3}}},"9":{"name":"(anonymous_10)","decl":{"start":{"line":128,"column":2},"end":{"line":128,"column":7}},"loc":{"start":{"line":128,"column":38},"end":{"line":136,"column":3}}},"10":{"name":"(anonymous_11)","decl":{"start":{"line":138,"column":2},"end":{"line":138,"column":7}},"loc":{"start":{"line":138,"column":53},"end":{"line":146,"column":3}}},"11":{"name":"(anonymous_12)","decl":{"start":{"line":148,"column":2},"end":{"line":148,"column":7}},"loc":{"start":{"line":148,"column":55},"end":{"line":156,"column":3}}},"12":{"name":"(anonymous_13)","decl":{"start":{"line":158,"column":2},"end":{"line":158,"column":7}},"loc":{"start":{"line":158,"column":17},"end":{"line":165,"column":3}}},"13":{"name":"(anonymous_14)","decl":{"start":{"line":167,"column":2},"end":{"line":167,"column":7}},"loc":{"start":{"line":167,"column":21},"end":{"line":174,"column":3}}}},"branchMap":{"0":{"loc":{"start":{"line":16,"column":14},"end":{"line":16,"column":57}},"type":"default-arg","locations":[{"start":{"line":16,"column":34},"end":{"line":16,"column":57}}]},"1":{"loc":{"start":{"line":16,"column":59},"end":{"line":16,"column":84}},"type":"default-arg","locations":[{"start":{"line":16,"column":79},"end":{"line":16,"column":84}}]},"2":{"loc":{"start":{"line":28,"column":8},"end":{"line":30,"column":9}},"type":"if","locations":[{"start":{"line":28,"column":8},"end":{"line":30,"column":9}}]},"3":{"loc":{"start":{"line":28,"column":12},"end":{"line":28,"column":72}},"type":"binary-expr","locations":[{"start":{"line":28,"column":12},"end":{"line":28,"column":26}},{"start":{"line":28,"column":30},"end":{"line":28,"column":72}}]},"4":{"loc":{"start":{"line":32,"column":23},"end":{"line":33,"column":63}},"type":"binary-expr","locations":[{"start":{"line":32,"column":23},"end":{"line":32,"column":74}},{"start":{"line":33,"column":16},"end":{"line":33,"column":30}},{"start":{"line":33,"column":34},"end":{"line":33,"column":62}}]},"5":{"loc":{"start":{"line":43,"column":6},"end":{"line":45,"column":7}},"type":"if","locations":[{"start":{"line":43,"column":6},"end":{"line":45,"column":7}}]},"6":{"loc":{"start":{"line":43,"column":10},"end":{"line":43,"column":57}},"type":"binary-expr","locations":[{"start":{"line":43,"column":10},"end":{"line":43,"column":24}},{"start":{"line":43,"column":28},"end":{"line":43,"column":57}}]},"7":{"loc":{"start":{"line":50,"column":52},"end":{"line":50,"column":80}},"type":"default-arg","locations":[{"start":{"line":50,"column":78},"end":{"line":50,"column":80}}]},"8":{"loc":{"start":{"line":51,"column":4},"end":{"line":51,"column":86}},"type":"if","locations":[{"start":{"line":51,"column":4},"end":{"line":51,"column":86}}]},"9":{"loc":{"start":{"line":51,"column":8},"end":{"line":51,"column":30}},"type":"binary-expr","locations":[{"start":{"line":51,"column":8},"end":{"line":51,"column":18}},{"start":{"line":51,"column":22},"end":{"line":51,"column":30}}]},"10":{"loc":{"start":{"line":56,"column":20},"end":{"line":56,"column":50}},"type":"binary-expr","locations":[{"start":{"line":56,"column":20},"end":{"line":56,"column":38}},{"start":{"line":56,"column":42},"end":{"line":56,"column":50}}]},"11":{"loc":{"start":{"line":57,"column":20},"end":{"line":57,"column":46}},"type":"binary-expr","locations":[{"start":{"line":57,"column":20},"end":{"line":57,"column":38}},{"start":{"line":57,"column":42},"end":{"line":57,"column":46}}]},"12":{"loc":{"start":{"line":61,"column":6},"end":{"line":63,"column":7}},"type":"if","locations":[{"start":{"line":61,"column":6},"end":{"line":63,"column":7}}]},"13":{"loc":{"start":{"line":69,"column":4},"end":{"line":69,"column":66}},"type":"if","locations":[{"start":{"line":69,"column":4},"end":{"line":69,"column":66}}]},"14":{"loc":{"start":{"line":74,"column":6},"end":{"line":76,"column":7}},"type":"if","locations":[{"start":{"line":74,"column":6},"end":{"line":76,"column":7}}]},"15":{"loc":{"start":{"line":82,"column":4},"end":{"line":82,"column":62}},"type":"if","locations":[{"start":{"line":82,"column":4},"end":{"line":82,"column":62}}]},"16":{"loc":{"start":{"line":87,"column":6},"end":{"line":89,"column":7}},"type":"if","locations":[{"start":{"line":87,"column":6},"end":{"line":89,"column":7}}]},"17":{"loc":{"start":{"line":95,"column":4},"end":{"line":95,"column":49}},"type":"if","locations":[{"start":{"line":95,"column":4},"end":{"line":95,"column":49}}]},"18":{"loc":{"start":{"line":97,"column":4},"end":{"line":101,"column":5}},"type":"if","locations":[{"start":{"line":97,"column":4},"end":{"line":101,"column":5}},{"start":{"line":99,"column":11},"end":{"line":101,"column":5}}]},"19":{"loc":{"start":{"line":99,"column":11},"end":{"line":101,"column":5}},"type":"if","locations":[{"start":{"line":99,"column":11},"end":{"line":101,"column":5}}]},"20":{"loc":{"start":{"line":106,"column":4},"end":{"line":106,"column":62}},"type":"if","locations":[{"start":{"line":106,"column":4},"end":{"line":106,"column":62}}]},"21":{"loc":{"start":{"line":116,"column":4},"end":{"line":116,"column":62}},"type":"if","locations":[{"start":{"line":116,"column":4},"end":{"line":116,"column":62}}]},"22":{"loc":{"start":{"line":121,"column":6},"end":{"line":123,"column":7}},"type":"if","locations":[{"start":{"line":121,"column":6},"end":{"line":123,"column":7}}]},"23":{"loc":{"start":{"line":129,"column":4},"end":{"line":129,"column":62}},"type":"if","locations":[{"start":{"line":129,"column":4},"end":{"line":129,"column":62}}]},"24":{"loc":{"start":{"line":139,"column":4},"end":{"line":139,"column":81}},"type":"if","locations":[{"start":{"line":139,"column":4},"end":{"line":139,"column":81}}]},"25":{"loc":{"start":{"line":139,"column":8},"end":{"line":139,"column":27}},"type":"binary-expr","locations":[{"start":{"line":139,"column":8},"end":{"line":139,"column":17}},{"start":{"line":139,"column":21},"end":{"line":139,"column":27}}]},"26":{"loc":{"start":{"line":149,"column":4},"end":{"line":149,"column":81}},"type":"if","locations":[{"start":{"line":149,"column":4},"end":{"line":149,"column":81}}]},"27":{"loc":{"start":{"line":149,"column":8},"end":{"line":149,"column":27}},"type":"binary-expr","locations":[{"start":{"line":149,"column":8},"end":{"line":149,"column":17}},{"start":{"line":149,"column":21},"end":{"line":149,"column":27}}]}},"s":{"0":1,"1":1,"2":41,"3":41,"4":36,"5":4,"6":32,"7":3,"8":3,"9":1,"10":2,"11":1,"12":1,"13":4,"14":1,"15":3,"16":3,"17":1,"18":2,"19":1,"20":1,"21":4,"22":1,"23":3,"24":3,"25":1,"26":2,"27":1,"28":1,"29":7,"30":1,"31":6,"32":6,"33":4,"34":2,"35":1,"36":1,"37":4,"38":1,"39":3,"40":3,"41":1,"42":2,"43":1,"44":3,"45":3,"46":1,"47":2,"48":2,"49":1,"50":1,"51":4,"52":1,"53":3,"54":3,"55":1,"56":2,"57":1,"58":1,"59":3,"60":1,"61":2,"62":2,"63":1,"64":1,"65":3,"66":1,"67":2,"68":2,"69":1,"70":1,"71":3,"72":1,"73":2,"74":2,"75":1,"76":1,"77":2,"78":2,"79":1,"80":1,"81":2,"82":2,"83":1,"84":1,"85":1},"f":{"0":41,"1":36,"2":3,"3":4,"4":4,"5":7,"6":4,"7":3,"8":4,"9":3,"10":3,"11":3,"12":2,"13":2},"b":{"0":[1],"1":[41],"2":[4],"3":[36,35],"4":[32,14,13],"5":[1],"6":[2,2],"7":[4],"8":[1],"9":[4,3],"10":[3,3],"11":[3,3],"12":[1],"13":[1],"14":[1],"15":[1],"16":[1],"17":[1],"18":[1,2],"19":[1],"20":[1],"21":[1],"22":[1],"23":[1],"24":[1],"25":[3,2],"26":[1],"27":[3,2]}}
}
