TN:
SF:src\client.ts
FN:16,(anonymous_1)
FN:26,(anonymous_2)
FN:38,(anonymous_3)
FN:50,(anonymous_4)
FN:68,(anonymous_5)
FN:81,(anonymous_6)
FN:94,(anonymous_7)
FN:105,(anonymous_8)
FN:115,(anonymous_9)
FN:128,(anonymous_10)
FN:138,(anonymous_11)
FN:148,(anonymous_12)
FN:158,(anonymous_13)
FN:167,(anonymous_14)
FNF:14
FNH:14
FNDA:41,(anonymous_1)
FNDA:36,(anonymous_2)
FNDA:3,(anonymous_3)
FNDA:4,(anonymous_4)
FNDA:4,(anonymous_5)
FNDA:7,(anonymous_6)
FNDA:4,(anonymous_7)
FNDA:3,(anonymous_8)
FNDA:4,(anonymous_9)
FNDA:3,(anonymous_10)
FNDA:3,(anonymous_11)
FNDA:3,(anonymous_12)
FNDA:2,(anonymous_13)
FNDA:2,(anonymous_14)
DA:1,1
DA:2,1
DA:13,1
DA:17,41
DA:23,41
DA:28,36
DA:29,4
DA:32,32
DA:39,3
DA:40,3
DA:41,1
DA:43,2
DA:44,1
DA:46,1
DA:51,4
DA:52,3
DA:53,3
DA:59,1
DA:61,2
DA:62,1
DA:64,1
DA:69,4
DA:70,3
DA:71,3
DA:72,1
DA:74,2
DA:75,1
DA:77,1
DA:82,7
DA:83,6
DA:84,6
DA:85,4
DA:87,2
DA:88,1
DA:90,1
DA:95,4
DA:96,3
DA:97,3
DA:98,1
DA:99,2
DA:100,1
DA:102,3
DA:106,3
DA:107,2
DA:108,2
DA:109,1
DA:111,1
DA:116,4
DA:117,3
DA:118,3
DA:119,1
DA:121,2
DA:122,1
DA:124,1
DA:129,3
DA:130,2
DA:131,2
DA:132,1
DA:134,1
DA:139,3
DA:140,2
DA:141,2
DA:142,1
DA:144,1
DA:149,3
DA:150,2
DA:151,2
DA:152,1
DA:154,1
DA:159,2
DA:160,2
DA:161,1
DA:163,1
DA:168,2
DA:169,2
DA:170,1
DA:172,1
LF:77
LH:77
BRDA:16,0,0,1
BRDA:16,1,0,41
BRDA:28,2,0,4
BRDA:28,3,0,36
BRDA:28,3,1,35
BRDA:32,4,0,32
BRDA:32,4,1,14
BRDA:32,4,2,13
BRDA:43,5,0,1
BRDA:43,6,0,2
BRDA:43,6,1,2
BRDA:50,7,0,4
BRDA:51,8,0,1
BRDA:51,9,0,4
BRDA:51,9,1,3
BRDA:56,10,0,3
BRDA:56,10,1,3
BRDA:57,11,0,3
BRDA:57,11,1,3
BRDA:61,12,0,1
BRDA:69,13,0,1
BRDA:74,14,0,1
BRDA:82,15,0,1
BRDA:87,16,0,1
BRDA:95,17,0,1
BRDA:97,18,0,1
BRDA:97,18,1,2
BRDA:99,19,0,1
BRDA:106,20,0,1
BRDA:116,21,0,1
BRDA:121,22,0,1
BRDA:129,23,0,1
BRDA:139,24,0,1
BRDA:139,25,0,3
BRDA:139,25,1,2
BRDA:149,26,0,1
BRDA:149,27,0,3
BRDA:149,27,1,2
BRF:38
BRH:38
end_of_record
